[0903/112124.206:ERROR:process_info.cc(359)] UncheckedAllocate
[0907/001553.629:ERROR:process_info.cc(359)] UncheckedAllocate
[0907/001808.896:ERROR:process_info.cc(359)] UncheckedAllocate
[0913/144558.777:ERROR:process_info.cc(359)] UncheckedAllocate
[0913/144558.926:ERROR:process_reader_win.cc(242)] ReadMemory at 0x42a29f4000 of 49152 bytes failed: Запрос ReadProcessMemory или WriteProcessMemory был выполнен только частично. (0x12B)
[0913/144558.927:ERROR:crash_report_exception_handler.cc(111)] WriteEverything failed
[0913/144558.928:ERROR:filesystem_win.cc(148)] DeleteFile C:\Users\CashYou\AppData\Local\Google\Chrome\User Data\Crashpad\reports\197b69d9-e051-4cc7-b3e0-36acfb5cdc98.dmp: Процесс не может получить доступ к файлу, так как этот файл занят другим процессом. (0x20)
[0913/144558.930:ERROR:scoped_process_suspend.cc(40)] NtResumeProcess: Попытка доступа к процессу, выполняющему процедуру завершения. (0xc000010a)
[0913/145219.977:ERROR:process_info.cc(359)] UncheckedAllocate
[0913/145229.631:ERROR:process_info.cc(359)] UncheckedAllocate
[0913/145232.508:ERROR:process_info.cc(359)] UncheckedAllocate
[0913/145246.706:ERROR:process_info.cc(359)] UncheckedAllocate
[0913/145250.783:ERROR:process_info.cc(359)] UncheckedAllocate
[0913/145256.939:ERROR:process_info.cc(359)] UncheckedAllocate
[0913/145300.307:ERROR:process_info.cc(359)] UncheckedAllocate
[0916/224721.443:ERROR:process_info.cc(359)] UncheckedAllocate
[0916/224721.443:ERROR:process_info.cc(359)] UncheckedAllocate
[0918/193314.389:ERROR:process_info.cc(359)] UncheckedAllocate
[0918/193314.459:ERROR:process_info.cc(359)] UncheckedAllocate
[1003/113659.064:ERROR:process_info.cc(359)] UncheckedAllocate
[1003/115257.716:ERROR:filesystem_win.cc(148)] DeleteFile C:\Users\CashYou\AppData\Local\Google\Chrome\User Data\Crashpad\reports\53b72d84-125a-4791-bf25-85381318a64c.dmp: Процесс не может получить доступ к файлу, так как этот файл занят другим процессом. (0x20)
[1003/115257.736:ERROR:process_info.cc(359)] UncheckedAllocate
[1003/233854.268:ERROR:process_info.cc(359)] UncheckedAllocate
[1003/233952.068:ERROR:process_info.cc(359)] UncheckedAllocate
[1003/234037.866:ERROR:process_info.cc(359)] UncheckedAllocate
[1003/234045.493:ERROR:process_info.cc(359)] UncheckedAllocate
[1005/182423.427:ERROR:process_info.cc(359)] UncheckedAllocate
[1005/182424.267:ERROR:process_info.cc(359)] UncheckedAllocate
